

Processing SmsController#index (for 127.0.0.1 at 2010-08-31 14:14:19) [GET]

ActionController::UnknownAction (No action responded to index. Actions: send_sms):
  

Rendering rescues/layout (not_found)


Processing SmsController#index (for 127.0.0.1 at 2010-08-31 14:15:17) [GET]

ActionView::MissingTemplate (Missing template sms/index.erb in view path app/views):
  

Rendering rescues/layout (internal_server_error)


Processing SmsController#index (for 127.0.0.1 at 2010-08-31 14:15:41) [GET]
Completed in 2ms (View: 0, DB: 0) | 200 OK [http://deathstar.clearsenses.com/send_sms]


Processing SmsController#index (for 127.0.0.1 at 2010-08-31 14:24:47) [OPTIONS]

ActionView::MissingTemplate (Missing template sms/index.erb in view path app/views):
  app/controllers/sms_controller.rb:5:in `index'

Rendering rescues/layout (internal_server_error)


Processing SmsController#index (for 127.0.0.1 at 2010-08-31 14:25:31) [OPTIONS]

NameError (undefined local variable or method `sms_status' for #<ActionView::Base:0x7f0a49a1a900>):
  app/controllers/sms_controller.rb:8
  app/controllers/sms_controller.rb:7
  app/controllers/sms_controller.rb:5:in `index'

Rendered rescues/_trace (86.8ms)
Rendered rescues/_request_and_response (1.2ms)
Rendering rescues/layout (internal_server_error)


Processing SmsController#index (for 127.0.0.1 at 2010-08-31 14:26:42) [OPTIONS]
Completed in 3ms (View: 1, DB: 0) | 200 OK [http://deathstar.clearsenses.com/send_sms]


Processing SmsController#create (for 127.0.0.1 at 2010-08-31 14:35:47) [OPTIONS]

ActionView::MissingTemplate (Missing template sms/create.erb in view path app/views):
  

Rendering rescues/layout (internal_server_error)


Processing SmsController#create (for 127.0.0.1 at 2010-08-31 14:36:47) [OPTIONS]
Completed in 2ms (View: 1, DB: 0) | 200 OK [http://deathstar.clearsenses.com/send_sms]


Processing SmsController#create (for 127.0.0.1 at 2010-08-31 14:37:13) [OPTIONS]
Completed in 2ms (View: 1, DB: 0) | 200 OK [http://deathstar.clearsenses.com/send_sms]


Processing SmsController#create (for 127.0.0.1 at 2010-08-31 14:38:40) [OPTIONS]
Completed in 2ms (View: 1, DB: 0) | 200 OK [http://deathstar.clearsenses.com/send_sms]


Processing SmsController#create (for 127.0.0.1 at 2010-08-31 14:41:44) [OPTIONS]
Completed in 3ms (View: 1, DB: 0) | 200 OK [http://deathstar.clearsenses.com/send_sms]


Processing SmsController#create (for 127.0.0.1 at 2010-08-31 14:47:17) [OPTIONS]
Completed in 2ms (View: 1, DB: 0) | 200 OK [http://deathstar.clearsenses.com/send_sms]


Processing SmsController#create (for 127.0.0.1 at 2010-08-31 14:53:37) [OPTIONS]
Completed in 6ms (View: 1, DB: 0) | 200 OK [http://deathstar.clearsenses.com/send_sms]


Processing SmsController#create (for 127.0.0.1 at 2010-08-31 14:54:52) [OPTIONS]
Completed in 2ms (View: 1, DB: 0) | 200 OK [http://deathstar.clearsenses.com/send_sms]


Processing SmsController#create (for 127.0.0.1 at 2010-08-31 14:57:45) [OPTIONS]
Completed in 2ms (View: 1, DB: 0) | 200 OK [http://deathstar.clearsenses.com/send_sms]


Processing SmsController#create (for 127.0.0.1 at 2010-08-31 14:59:15) [OPTIONS]
Completed in 3ms (View: 1, DB: 0) | 200 OK [http://deathstar.clearsenses.com/send_sms]


Processing SmsController#create (for 127.0.0.1 at 2010-08-31 15:01:13) [OPTIONS]
Completed in 3ms (View: 1, DB: 0) | 200 OK [http://deathstar.clearsenses.com/send_sms]


Processing SmsController#create (for 127.0.0.1 at 2010-08-31 15:26:21) [OPTIONS]
Completed in 3ms (View: 1, DB: 0) | 200 OK [http://deathstar.clearsenses.com/send_sms]


Processing SmsController#create (for 127.0.0.1 at 2010-08-31 15:46:16) [OPTIONS]
Completed in 2ms (View: 0, DB: 0) | 200 [http://deathstar.clearsenses.com/send_sms]


Processing SmsController#create (for 127.0.0.1 at 2010-08-31 15:47:20) [OPTIONS]
Completed in 2ms (View: 0, DB: 0) | 200 [http://deathstar.clearsenses.com/send_sms]


Processing SmsController#create (for 127.0.0.1 at 2010-08-31 15:52:05) [OPTIONS]
Completed in 2ms (View: 0, DB: 0) | 200 [http://deathstar.clearsenses.com/send_sms]


Processing SmsController#create (for 127.0.0.1 at 2010-08-31 15:52:21) [OPTIONS]
Completed in 2ms (View: 0, DB: 0) | 200 [http://deathstar.clearsenses.com/send_sms]


Processing SmsController#create (for 127.0.0.1 at 2010-08-31 16:59:00) [OPTIONS]
Completed in 2ms (View: 0, DB: 0) | 200 [http://deathstar.clearsenses.com/send_sms]


Processing SmsController#create (for 127.0.0.1 at 2010-08-31 17:05:14) [OPTIONS]
Completed in 2ms (View: 0, DB: 0) | 200 [http://deathstar.clearsenses.com/send_sms]


Processing SmsController#create (for 127.0.0.1 at 2010-08-31 17:05:46) [GET]
  Parameters: {"gsms_name"=>"aksay", "gsms_mobile"=>"797987", "gsms_message"=>"jhjkhjkhjkh "}
Completed in 3ms (View: 0, DB: 0) | 200 [http://localhost/send_sms?gsms_name=aksay&gsms_mobile=797987&gsms_message=jhjkhjkhjkh+]


Processing SmsController#create (for 127.0.0.1 at 2010-08-31 17:06:07) [GET]
  Parameters: {"gsms_name"=>"aksay", "gsms_mobile"=>"797987", "gsms_message"=>"jhjkhjkhjkh "}
Completed in 61ms (View: 0, DB: 0) | 200 [http://localhost/send_sms?gsms_name=aksay&gsms_mobile=797987&gsms_message=jhjkhjkhjkh+]


Processing SmsController#create (for 127.0.0.1 at 2010-08-31 17:06:07) [GET]
  Parameters: {"gsms_name"=>"aksay", "gsms_mobile"=>"797987", "gsms_message"=>"jhjkhjkhjkh "}
Completed in 3ms (View: 0, DB: 0) | 200 [http://localhost/send_sms?gsms_name=aksay&gsms_mobile=797987&gsms_message=jhjkhjkhjkh+]


Processing SmsController#create (for 127.0.0.1 at 2010-08-31 17:06:08) [GET]
  Parameters: {"gsms_name"=>"aksay", "gsms_mobile"=>"797987", "gsms_message"=>"jhjkhjkhjkh "}
Completed in 2ms (View: 1, DB: 0) | 200 [http://localhost/send_sms?gsms_name=aksay&gsms_mobile=797987&gsms_message=jhjkhjkhjkh+]


Processing SmsController#create (for 127.0.0.1 at 2010-08-31 17:06:08) [GET]
  Parameters: {"gsms_name"=>"aksay", "gsms_mobile"=>"797987", "gsms_message"=>"jhjkhjkhjkh "}
Completed in 2ms (View: 1, DB: 0) | 200 [http://localhost/send_sms?gsms_name=aksay&gsms_mobile=797987&gsms_message=jhjkhjkhjkh+]


Processing SmsController#create (for 127.0.0.1 at 2010-08-31 17:20:13) [OPTIONS]
Completed in 2ms (View: 0, DB: 0) | 200 [http://deathstar.clearsenses.com/send_sms]


Processing SmsController#create (for 127.0.0.1 at 2010-08-31 17:21:25) [OPTIONS]
Completed in 2ms (View: 0, DB: 0) | 200 [http://deathstar.clearsenses.com/send_sms]


Processing SmsController#create (for 127.0.0.1 at 2010-08-31 17:22:08) [GET]
  Parameters: {"gsms_name"=>"akshay", "gsms_mobile"=>"9711335593", "gsms_message"=>"sdada ads sa dasdsa dsad"}
Completed in 2ms (View: 0, DB: 0) | 200 [http://deathstar.clearsenses.com/send_sms?gsms_name=akshay&gsms_mobile=9711335593&gsms_message=sdada+ads+sa+dasdsa+dsad]


Processing SmsController#create (for 127.0.0.1 at 2010-08-31 17:28:07) [OPTIONS]
Completed in 2ms (View: 0, DB: 0) | 200 [http://deathstar.clearsenses.com/send_sms]


Processing SmsController#create (for 127.0.0.1 at 2010-08-31 17:28:18) [OPTIONS]
Completed in 2ms (View: 0, DB: 0) | 200 [http://deathstar.clearsenses.com/send_sms]


Processing SmsController#create (for 127.0.0.1 at 2010-09-01 14:09:03) [POST]
  Parameters: {"gsms_name"=>"akshay", "gsms_mobile"=>"808089089", "gsms_message"=>"shhs shjkdkas"}
Completed in 5ms (View: 0, DB: 0) | 200 [http://deathstar.clearsenses.com/send_sms]


Processing SmsController#create (for 127.0.0.1 at 2010-09-01 16:00:19) [OPTIONS]
Completed in 2ms (View: 1, DB: 0) | 200 [http://deathstar.clearsenses.com/send_sms]


Processing ActionController::Base#create (for 127.0.0.1 at 2010-09-01 16:04:23) [OPTIONS]

NoMethodError (undefined method `render' for ApplicationController:Class):
  app/controllers/application_controller.rb:7
  app/controllers/sms_controller.rb:1

Rendered rescues/_trace (26.0ms)
Rendered rescues/_request_and_response (1.1ms)
Rendering rescues/layout (internal_server_error)


Processing SmsController#create (for 127.0.0.1 at 2010-09-01 16:05:15) [OPTIONS]
Completed in 2ms (View: 0, DB: 0) | 200 [http://deathstar.clearsenses.com/send_sms]


Processing SmsController#create (for 127.0.0.1 at 2010-09-01 16:05:17) [OPTIONS]
Completed in 2ms (View: 1, DB: 0) | 200 [http://deathstar.clearsenses.com/send_sms]


Processing SmsController#create (for 127.0.0.1 at 2010-09-01 16:05:21) [OPTIONS]
Completed in 2ms (View: 0, DB: 0) | 200 [http://deathstar.clearsenses.com/send_sms]


Processing SmsController#create (for 127.0.0.1 at 2010-09-01 16:05:29) [OPTIONS]
Completed in 2ms (View: 0, DB: 0) | 200 [http://deathstar.clearsenses.com/send_sms]


Processing SmsController#create (for 127.0.0.1 at 2010-09-01 16:09:24) [POST]
  Parameters: {"gsms_name"=>"akshay", "gsms_mobile"=>"98900", "gsms_message"=>"jhjksdjsal jklasjdl"}
Completed in 2ms (View: 0, DB: 0) | 200 [http://deathstar.clearsenses.com/send_sms]


Processing SmsController#create (for 127.0.0.1 at 2010-09-01 16:15:55) [POST]
  Parameters: {"gsms_name"=>"Rans", "gsms_mobile"=>"9665954722", "gsms_message"=>"Hi dude, Hru? wassup?"}
Completed in 3ms (View: 1, DB: 0) | 200 [http://deathstar.clearsenses.com/send_sms]


Processing SmsController#create (for 127.0.0.1 at 2010-09-01 16:42:31) [POST]
  Parameters: {"gsms_name"=>"akshay", "gsms_mobile"=>"88090 ", "gsms_message"=>"jksjdkjad jkjl"}
Completed in 2ms (View: 0, DB: 0) | 200 [http://deathstar.clearsenses.com/send_sms]


Processing SmsController#create (for 127.0.0.1 at 2010-09-01 16:42:43) [OPTIONS]
Completed in 2ms (View: 0, DB: 0) | 200 [http://deathstar.clearsenses.com/send_sms]
  [4;36;1mSQL (0.4ms)[0m   [0;1mSET SQL_AUTO_IS_NULL=0[0m
  [4;35;1mSQL (0.6ms)[0m   [0mSHOW TABLES[0m
  [4;36;1mSQL (265.2ms)[0m   [0;1mCREATE TABLE `schema_migrations` (`version` varchar(255) NOT NULL) ENGINE=InnoDB[0m
  [4;35;1mSQL (300.9ms)[0m   [0mCREATE UNIQUE INDEX `unique_schema_migrations` ON `schema_migrations` (`version`)[0m
  [4;36;1mSQL (0.6ms)[0m   [0;1mSHOW TABLES[0m
  [4;35;1mSQL (0.6ms)[0m   [0mSELECT version FROM schema_migrations[0m
Migrating to CreateUsers (20100902062951)
  [4;36;1mSQL (141.2ms)[0m   [0;1mCREATE TABLE `users` (`id` int(11) DEFAULT NULL auto_increment PRIMARY KEY, `name` varchar(255), `mobile` varchar(255), `email` varchar(255), `created_at` datetime, `updated_at` datetime) ENGINE=InnoDB[0m
  [4;35;1mSQL (140.9ms)[0m   [0mCREATE TABLE `friends` (`person_id` int(11) NOT NULL, `person_id_friend` int(11) NOT NULL) ENGINE=InnoDB[0m
  [4;36;1mSQL (66.0ms)[0m   [0;1mINSERT INTO schema_migrations (version) VALUES ('20100902062951')[0m
Migrating to CreateInboxes (20100902063907)
  [4;35;1mSQL (340.7ms)[0m   [0mCREATE TABLE `inboxes` (`id` int(11) DEFAULT NULL auto_increment PRIMARY KEY, `s_id` int(11), `d_id` int(11), `message` text, `status` mediumint DEFAULT 0, `created_at` datetime, `updated_at` datetime) ENGINE=InnoDB[0m
  [4;36;1mSQL (57.4ms)[0m   [0;1mINSERT INTO schema_migrations (version) VALUES ('20100902063907')[0m
  [4;35;1mSQL (0.7ms)[0m   [0mSHOW TABLES[0m
  [4;36;1mSQL (0.5ms)[0m   [0;1mSELECT version FROM schema_migrations[0m
  [4;35;1mSQL (0.6ms)[0m   [0mSHOW TABLES[0m
  [4;36;1mSQL (1.3ms)[0m   [0;1mSHOW FIELDS FROM `friends`[0m
  [4;35;1mSQL (1.0ms)[0m   [0mdescribe `friends`[0m
  [4;36;1mSQL (2.2ms)[0m   [0;1mSHOW KEYS FROM `friends`[0m
  [4;35;1mSQL (1.4ms)[0m   [0mSHOW FIELDS FROM `inboxes`[0m
  [4;36;1mSQL (1.3ms)[0m   [0;1mdescribe `inboxes`[0m
  [4;35;1mSQL (0.7ms)[0m   [0mSHOW KEYS FROM `inboxes`[0m
  [4;36;1mSQL (1.3ms)[0m   [0;1mSHOW FIELDS FROM `users`[0m
  [4;35;1mSQL (1.1ms)[0m   [0mdescribe `users`[0m
  [4;36;1mSQL (0.6ms)[0m   [0;1mSHOW KEYS FROM `users`[0m
  [4;36;1mSQL (0.2ms)[0m   [0;1mSET SQL_AUTO_IS_NULL=0[0m
  [4;35;1mUser Columns (0.7ms)[0m   [0mSHOW FIELDS FROM `users`[0m
  [4;36;1mSQL (0.2ms)[0m   [0;1mBEGIN[0m
  [4;35;1mUser Create (8.8ms)[0m   [0mINSERT INTO `users` (`name`, `created_at`, `updated_at`, `mobile`, `email`) VALUES('akshay', '2010-09-02 06:45:40', '2010-09-02 06:45:40', '9711335593', NULL)[0m
  [4;36;1mSQL (76.9ms)[0m   [0;1mCOMMIT[0m
  [4;35;1mSQL (0.2ms)[0m   [0mBEGIN[0m
  [4;36;1mUser Create (0.5ms)[0m   [0;1mINSERT INTO `users` (`name`, `created_at`, `updated_at`, `mobile`, `email`) VALUES('akshay', '2010-09-02 06:45:50', '2010-09-02 06:45:50', '9711335568', NULL)[0m
  [4;35;1mSQL (101.3ms)[0m   [0mCOMMIT[0m
  [4;36;1mSQL (0.2ms)[0m   [0;1mBEGIN[0m
  [4;35;1mSQL (1.1ms)[0m   [0mdescribe `friends`[0m
  [4;36;1mfriends Columns (1.0ms)[0m   [0;1mSHOW FIELDS FROM `friends`[0m
  [4;35;1mSQL (0.5ms)[0m   [0mINSERT INTO `friends` () VALUES ()[0m
  [4;36;1mSQL (60.7ms)[0m   [0;1mCOMMIT[0m
  [4;35;1mUser Load (0.0ms)[0m   [0mMysql::Error: Unknown column 'friends.user_id' in 'where clause': SELECT * FROM `users` INNER JOIN `friends` ON `users`.id = `friends`.user_id_target WHERE (`friends`.user_id = 1 ) [0m
  [4;36;1mSQL (0.1ms)[0m   [0;1mSET SQL_AUTO_IS_NULL=0[0m
  [4;35;1mSQL (0.5ms)[0m   [0mSHOW TABLES[0m
  [4;36;1mSQL (107.4ms)[0m   [0;1mCREATE TABLE `schema_migrations` (`version` varchar(255) NOT NULL) ENGINE=InnoDB[0m
  [4;35;1mSQL (225.8ms)[0m   [0mCREATE UNIQUE INDEX `unique_schema_migrations` ON `schema_migrations` (`version`)[0m
  [4;36;1mSQL (0.7ms)[0m   [0;1mSHOW TABLES[0m
  [4;35;1mSQL (0.7ms)[0m   [0mSELECT version FROM schema_migrations[0m
Migrating to CreateUsers (20100902062951)
  [4;36;1mSQL (132.2ms)[0m   [0;1mCREATE TABLE `users` (`id` int(11) DEFAULT NULL auto_increment PRIMARY KEY, `name` varchar(255), `mobile` varchar(255), `email` varchar(255), `created_at` datetime, `updated_at` datetime) ENGINE=InnoDB[0m
  [4;35;1mSQL (124.3ms)[0m   [0mCREATE TABLE `friends` (`user_id` int(11) NOT NULL, `user_id_target` int(11) NOT NULL) ENGINE=InnoDB[0m
  [4;36;1mSQL (49.3ms)[0m   [0;1mINSERT INTO schema_migrations (version) VALUES ('20100902062951')[0m
Migrating to CreateInboxes (20100902063907)
  [4;35;1mSQL (120.4ms)[0m   [0mCREATE TABLE `inboxes` (`id` int(11) DEFAULT NULL auto_increment PRIMARY KEY, `s_id` int(11), `d_id` int(11), `message` text, `status` mediumint DEFAULT 0, `created_at` datetime, `updated_at` datetime) ENGINE=InnoDB[0m
  [4;36;1mSQL (49.2ms)[0m   [0;1mINSERT INTO schema_migrations (version) VALUES ('20100902063907')[0m
  [4;35;1mSQL (0.6ms)[0m   [0mSHOW TABLES[0m
  [4;36;1mSQL (0.3ms)[0m   [0;1mSELECT version FROM schema_migrations[0m
  [4;35;1mSQL (0.5ms)[0m   [0mSHOW TABLES[0m
  [4;36;1mSQL (0.8ms)[0m   [0;1mSHOW FIELDS FROM `friends`[0m
  [4;35;1mSQL (0.7ms)[0m   [0mdescribe `friends`[0m
  [4;36;1mSQL (0.6ms)[0m   [0;1mSHOW KEYS FROM `friends`[0m
  [4;35;1mSQL (1.3ms)[0m   [0mSHOW FIELDS FROM `inboxes`[0m
  [4;36;1mSQL (1.1ms)[0m   [0;1mdescribe `inboxes`[0m
  [4;35;1mSQL (0.6ms)[0m   [0mSHOW KEYS FROM `inboxes`[0m
  [4;36;1mSQL (1.3ms)[0m   [0;1mSHOW FIELDS FROM `users`[0m
  [4;35;1mSQL (1.1ms)[0m   [0mdescribe `users`[0m
  [4;36;1mSQL (0.6ms)[0m   [0;1mSHOW KEYS FROM `users`[0m
  [4;36;1mSQL (0.1ms)[0m   [0;1mSET SQL_AUTO_IS_NULL=0[0m
  [4;35;1mUser Columns (0.6ms)[0m   [0mSHOW FIELDS FROM `users`[0m
  [4;36;1mSQL (0.1ms)[0m   [0;1mBEGIN[0m
  [4;35;1mUser Create (0.3ms)[0m   [0mINSERT INTO `users` (`name`, `created_at`, `updated_at`, `mobile`, `email`) VALUES('akshay', '2010-09-02 06:47:49', '2010-09-02 06:47:49', '9711335593', NULL)[0m
  [4;36;1mSQL (56.2ms)[0m   [0;1mCOMMIT[0m
  [4;35;1mSQL (0.2ms)[0m   [0mBEGIN[0m
  [4;36;1mUser Create (0.5ms)[0m   [0;1mINSERT INTO `users` (`name`, `created_at`, `updated_at`, `mobile`, `email`) VALUES('akshay', '2010-09-02 06:47:58', '2010-09-02 06:47:58', '9711335568', NULL)[0m
  [4;35;1mSQL (58.4ms)[0m   [0mCOMMIT[0m
  [4;36;1mSQL (0.2ms)[0m   [0;1mBEGIN[0m
  [4;35;1mSQL (0.5ms)[0m   [0mdescribe `friends`[0m
  [4;36;1mfriends Columns (0.3ms)[0m   [0;1mSHOW FIELDS FROM `friends`[0m
  [4;35;1mSQL (0.1ms)[0m   [0mINSERT INTO `friends` (`user_id_target`, `user_id`) VALUES (2, 1)[0m
  [4;36;1mSQL (69.4ms)[0m   [0;1mCOMMIT[0m
  [4;35;1mUser Load (0.8ms)[0m   [0mSELECT * FROM `users` INNER JOIN `friends` ON `users`.id = `friends`.user_id_target WHERE (`friends`.user_id = 1 ) [0m
  [4;36;1mSQL (0.2ms)[0m   [0;1mBEGIN[0m
  [4;35;1mUser Update (17.8ms)[0m   [0mUPDATE `users` SET `updated_at` = '2010-09-02 06:49:23', `name` = 'Piyush' WHERE `id` = 2[0m
  [4;36;1mSQL (79.4ms)[0m   [0;1mCOMMIT[0m
  [4;35;1mfriends Columns (1.2ms)[0m   [0mSHOW FIELDS FROM `friends`[0m
  [4;36;1mUser Load (0.7ms)[0m   [0;1mSELECT * FROM `users` INNER JOIN `friends` ON `users`.id = `friends`.user_id WHERE (`friends`.user_id_target = 1 ) [0m
  [4;35;1mUser Load (0.7ms)[0m   [0mSELECT * FROM `users` INNER JOIN `friends` ON `users`.id = `friends`.user_id WHERE (`friends`.user_id_target = 2 ) [0m
  [4;36;1mUser Load (0.6ms)[0m   [0;1mSELECT * FROM `users` INNER JOIN `friends` ON `users`.id = `friends`.user_id_target WHERE (`friends`.user_id = 2 ) [0m
  [4;36;1mSQL (0.2ms)[0m   [0;1mSET SQL_AUTO_IS_NULL=0[0m


Processing SmsController#create (for 127.0.0.1 at 2010-09-02 16:58:34) [POST]
  Parameters: {"gsms_name"=>"akshay", "gsms_mobile"=>"9711335577", "gsms_message"=>"jjkj hi how ar eyiou"}
  [4;35;1mUser Columns (0.6ms)[0m   [0mSHOW FIELDS FROM `users`[0m
  [4;36;1mUser Load (16.8ms)[0m   [0;1mSELECT * FROM `users` WHERE (`users`.`mobile` = '9711335577') LIMIT 1[0m
  [4;35;1mSQL (0.1ms)[0m   [0mBEGIN[0m
  [4;36;1mUser Create (0.2ms)[0m   [0;1mINSERT INTO `users` (`name`, `created_at`, `updated_at`, `mobile`, `email`) VALUES('akshay', '2010-09-02 11:28:34', '2010-09-02 11:28:34', '9711335577', NULL)[0m
  [4;35;1mSQL (73.2ms)[0m   [0mCOMMIT[0m
  [4;36;1mInbox Columns (1.3ms)[0m   [0;1mSHOW FIELDS FROM `inboxes`[0m
  [4;35;1mSQL (0.2ms)[0m   [0mBEGIN[0m
  [4;36;1mInbox Create (0.5ms)[0m   [0;1mINSERT INTO `inboxes` (`created_at`, `d_id`, `updated_at`, `s_id`, `message`, `status`) VALUES('2010-09-02 11:28:34', 3, '2010-09-02 11:28:34', NULL, 'jjkj hi how ar eyiou', 0)[0m
  [4;35;1mSQL (45.7ms)[0m   [0mCOMMIT[0m
Completed in 188ms (View: 2, DB: 139) | 200 [http://deathstar.clearsenses.com/send_sms]
